# JRE version: Java(TM) SE Runtime Environment (8.0_101-b13) (build 1.8.0_101-b13)
# Java VM: Java HotSpot(TM) 64-Bit Server VM (25.101-b13 mixed mode windows-amd64 compressed oops)
Heap:
 PSYoungGen      total 349696K, used 175104K [0x00000000e0000000, 0x0000000100000000, 0x0000000100000000)
  eden space 175104K, 100% used [0x00000000e0000000,0x00000000eab00000,0x00000000eab00000)
  from space 174592K, 0% used [0x00000000f5580000,0x00000000f5580000,0x0000000100000000)
  to   space 174592K, 0% used [0x00000000eab00000,0x00000000eab00000,0x00000000f5580000)
 ParOldGen       total 1048576K, used 1009037K [0x00000000a0000000, 0x00000000e0000000, 0x00000000e0000000)
  object space 1048576K, 96% used [0x00000000a0000000,0x00000000dd9636e8,0x00000000e0000000)
 Metaspace       used 174011K, capacity 185700K, committed 186496K, reserved 1212416K
  class space    used 22033K, capacity 23397K, committed 23680K, reserved 1048576K
GC Heap History (10 events):
Event: 14421.773 GC heap after
Heap after GC invocations=1485 (full 109):
 PSYoungGen      total 349696K, used 0K [0x00000000e0000000, 0x0000000100000000, 0x0000000100000000)
  eden space 175104K, 0% used [0x00000000e0000000,0x00000000e0000000,0x00000000eab00000)
  from space 174592K, 0% used [0x00000000eab00000,0x00000000eab00000,0x00000000f5580000)
  to   space 174592K, 0% used [0x00000000f5580000,0x00000000f5580000,0x0000000100000000)
 ParOldGen       total 1048576K, used 909894K [0x00000000a0000000, 0x00000000e0000000, 0x00000000e0000000)
  object space 1048576K, 86% used [0x00000000a0000000,0x00000000d7891b40,0x00000000e0000000)
 Metaspace       used 174011K, capacity 185700K, committed 186496K, reserved 1212416K
  class space    used 22033K, capacity 23397K, committed 23680K, reserved 1048576K
}
Event: 14422.080 GC heap before
{Heap before GC invocations=1486 (full 109):
 PSYoungGen      total 349696K, used 175104K [0x00000000e0000000, 0x0000000100000000, 0x0000000100000000)
  eden space 175104K, 100% used [0x00000000e0000000,0x00000000eab00000,0x00000000eab00000)
  from space 174592K, 0% used [0x00000000eab00000,0x00000000eab00000,0x00000000f5580000)
  to   space 174592K, 0% used [0x00000000f5580000,0x00000000f5580000,0x0000000100000000)
 ParOldGen       total 1048576K, used 909902K [0x00000000a0000000, 0x00000000e0000000, 0x00000000e0000000)
  object space 1048576K, 86% used [0x00000000a0000000,0x00000000d7893b50,0x00000000e0000000)
 Metaspace       used 174011K, capacity 185700K, committed 186496K, reserved 1212416K
  class space    used 22033K, capacity 23397K, committed 23680K, reserved 1048576K
Event: 14422.149 GC heap after
Heap after GC invocations=1486 (full 109):
 PSYoungGen      total 349696K, used 49309K [0x00000000e0000000, 0x0000000100000000, 0x0000000100000000)
  eden space 175104K, 0% used [0x00000000e0000000,0x00000000e0000000,0x00000000eab00000)
  from space 174592K, 28% used [0x00000000f5580000,0x00000000f85a7480,0x0000000100000000)
  to   space 174592K, 0% used [0x00000000eab00000,0x00000000eab00000,0x00000000f5580000)
 ParOldGen       total 1048576K, used 909902K [0x00000000a0000000, 0x00000000e0000000, 0x00000000e0000000)
  object space 1048576K, 86% used [0x00000000a0000000,0x00000000d7893b50,0x00000000e0000000)
 Metaspace       used 174011K, capacity 185700K, committed 186496K, reserved 1212416K
  class space    used 22033K, capacity 23397K, committed 23680K, reserved 1048576K
}
Event: 14422.418 GC heap before
{Heap before GC invocations=1487 (full 109):
 PSYoungGen      total 349696K, used 224413K [0x00000000e0000000, 0x0000000100000000, 0x0000000100000000)
  eden space 175104K, 100% used [0x00000000e0000000,0x00000000eab00000,0x00000000eab00000)
  from space 174592K, 28% used [0x00000000f5580000,0x00000000f85a7480,0x0000000100000000)
  to   space 174592K, 0% used [0x00000000eab00000,0x00000000eab00000,0x00000000f5580000)
 ParOldGen       total 1048576K, used 909904K [0x00000000a0000000, 0x00000000e0000000, 0x00000000e0000000)
  object space 1048576K, 86% used [0x00000000a0000000,0x00000000d7894280,0x00000000e0000000)
 Metaspace       used 174011K, capacity 185700K, committed 186496K, reserved 1212416K
  class space    used 22033K, capacity 23397K, committed 23680K, reserved 1048576K
Event: 14422.534 GC heap after
Heap after GC invocations=1487 (full 109):
 PSYoungGen      total 349696K, used 49930K [0x00000000e0000000, 0x0000000100000000, 0x0000000100000000)
  eden space 175104K, 0% used [0x00000000e0000000,0x00000000e0000000,0x00000000eab00000)
  from space 174592K, 28% used [0x00000000eab00000,0x00000000edbc2970,0x00000000f5580000)
  to   space 174592K, 0% used [0x00000000f5580000,0x00000000f5580000,0x0000000100000000)
 ParOldGen       total 1048576K, used 953846K [0x00000000a0000000, 0x00000000e0000000, 0x00000000e0000000)
  object space 1048576K, 90% used [0x00000000a0000000,0x00000000da37da28,0x00000000e0000000)
 Metaspace       used 174011K, capacity 185700K, committed 186496K, reserved 1212416K
  class space    used 22033K, capacity 23397K, committed 23680K, reserved 1048576K
}
Event: 14422.849 GC heap before
{Heap before GC invocations=1488 (full 109):
 PSYoungGen      total 349696K, used 225034K [0x00000000e0000000, 0x0000000100000000, 0x0000000100000000)
  eden space 175104K, 100% used [0x00000000e0000000,0x00000000eab00000,0x00000000eab00000)
  from space 174592K, 28% used [0x00000000eab00000,0x00000000edbc2970,0x00000000f5580000)
  to   space 174592K, 0% used [0x00000000f5580000,0x00000000f5580000,0x0000000100000000)
 ParOldGen       total 1048576K, used 953846K [0x00000000a0000000, 0x00000000e0000000, 0x00000000e0000000)
  object space 1048576K, 90% used [0x00000000a0000000,0x00000000da37da28,0x00000000e0000000)
 Metaspace       used 174011K, capacity 185700K, committed 186496K, reserved 1212416K
  class space    used 22033K, capacity 23397K, committed 23680K, reserved 1048576K
Event: 14422.957 GC heap after
Heap after GC invocations=1488 (full 109):
 PSYoungGen      total 349696K, used 41067K [0x00000000e0000000, 0x0000000100000000, 0x0000000100000000)
  eden space 175104K, 0% used [0x00000000e0000000,0x00000000e0000000,0x00000000eab00000)
  from space 174592K, 23% used [0x00000000f5580000,0x00000000f7d9af78,0x0000000100000000)
  to   space 174592K, 0% used [0x00000000eab00000,0x00000000eab00000,0x00000000f5580000)
 ParOldGen       total 1048576K, used 998000K [0x00000000a0000000, 0x00000000e0000000, 0x00000000e0000000)
  object space 1048576K, 95% used [0x00000000a0000000,0x00000000dce9c040,0x00000000e0000000)
 Metaspace       used 174011K, capacity 185700K, committed 186496K, reserved 1212416K
  class space    used 22033K, capacity 23397K, committed 23680K, reserved 1048576K
}
Event: 14422.957 GC heap before
{Heap before GC invocations=1489 (full 110):
 PSYoungGen      total 349696K, used 41067K [0x00000000e0000000, 0x0000000100000000, 0x0000000100000000)
  eden space 175104K, 0% used [0x00000000e0000000,0x00000000e0000000,0x00000000eab00000)
  from space 174592K, 23% used [0x00000000f5580000,0x00000000f7d9af78,0x0000000100000000)
  to   space 174592K, 0% used [0x00000000eab00000,0x00000000eab00000,0x00000000f5580000)
 ParOldGen       total 1048576K, used 998000K [0x00000000a0000000, 0x00000000e0000000, 0x00000000e0000000)
  object space 1048576K, 95% used [0x00000000a0000000,0x00000000dce9c040,0x00000000e0000000)
 Metaspace       used 174011K, capacity 185700K, committed 186496K, reserved 1212416K
  class space    used 22033K, capacity 23397K, committed 23680K, reserved 1048576K
Event: 14427.872 GC heap after
Heap after GC invocations=1489 (full 110):
 PSYoungGen      total 349696K, used 0K [0x00000000e0000000, 0x0000000100000000, 0x0000000100000000)
  eden space 175104K, 0% used [0x00000000e0000000,0x00000000e0000000,0x00000000eab00000)
  from space 174592K, 0% used [0x00000000f5580000,0x00000000f5580000,0x0000000100000000)
  to   space 174592K, 0% used [0x00000000eab00000,0x00000000eab00000,0x00000000f5580000)
 ParOldGen       total 1048576K, used 1009037K [0x00000000a0000000, 0x00000000e0000000, 0x00000000e0000000)
  object space 1048576K, 96% used [0x00000000a0000000,0x00000000dd9636e8,0x00000000e0000000)
 Metaspace       used 174011K, capacity 185700K, committed 186496K, reserved 1212416K
  class space    used 22033K, capacity 23397K, committed 23680K, reserved 1048576K
}
Event: 14428.706 GC heap before
{Heap before GC invocations=1490 (full 111):
 PSYoungGen      total 349696K, used 175104K [0x00000000e0000000, 0x0000000100000000, 0x0000000100000000)
  eden space 175104K, 100% used [0x00000000e0000000,0x00000000eab00000,0x00000000eab00000)
  from space 174592K, 0% used [0x00000000f5580000,0x00000000f5580000,0x0000000100000000)
  to   space 174592K, 0% used [0x00000000eab00000,0x00000000eab00000,0x00000000f5580000)
 ParOldGen       total 1048576K, used 1009037K [0x00000000a0000000, 0x00000000e0000000, 0x00000000e0000000)
  object space 1048576K, 96% used [0x00000000a0000000,0x00000000dd9636e8,0x00000000e0000000)
 Metaspace       used 174011K, capacity 185700K, committed 186496K, reserved 1212416K
  class space    used 22033K, capacity 23397K, committed 23680K, reserved 1048576K

