# JRE version: Java(TM) SE Runtime Environment (8.0_111-b14) (build 1.8.0_111-b14)
# Java VM: Java HotSpot(TM) 64-Bit Server VM (25.111-b14 mixed mode windows-amd64 compressed oops)
Heap:
 PSYoungGen      total 229888K, used 115919K [0x00000000eab00000, 0x00000000ffd00000, 0x0000000100000000)
  eden space 116736K, 99% used [0x00000000eab00000,0x00000000f1c34700,0x00000000f1d00000)
  from space 113152K, 0% used [0x00000000f8e80000,0x00000000f8e80000,0x00000000ffd00000)
  to   space 114688K, 0% used [0x00000000f1d00000,0x00000000f1d00000,0x00000000f8d00000)
 ParOldGen       total 699392K, used 699366K [0x00000000c0000000, 0x00000000eab00000, 0x00000000eab00000)
  object space 699392K, 99% used [0x00000000c0000000,0x00000000eaaf9af0,0x00000000eab00000)
 Metaspace       used 80046K, capacity 82412K, committed 84480K, reserved 1122304K
  class space    used 10185K, capacity 10575K, committed 11008K, reserved 1048576K
GC Heap History (10 events):
Event: 5367.715 GC heap before
{Heap before GC invocations=304 (full 210):
 PSYoungGen      total 229888K, used 116736K [0x00000000eab00000, 0x00000000ffd00000, 0x0000000100000000)
  eden space 116736K, 100% used [0x00000000eab00000,0x00000000f1d00000,0x00000000f1d00000)
  from space 113152K, 0% used [0x00000000f8e80000,0x00000000f8e80000,0x00000000ffd00000)
  to   space 114688K, 0% used [0x00000000f1d00000,0x00000000f1d00000,0x00000000f8d00000)
 ParOldGen       total 699392K, used 699137K [0x00000000c0000000, 0x00000000eab00000, 0x00000000eab00000)
  object space 699392K, 99% used [0x00000000c0000000,0x00000000eaac0440,0x00000000eab00000)
 Metaspace       used 80191K, capacity 82640K, committed 84480K, reserved 1122304K
  class space    used 10224K, capacity 10635K, committed 11008K, reserved 1048576K
Event: 5369.318 GC heap after
Heap after GC invocations=304 (full 210):
 PSYoungGen      total 229888K, used 116735K [0x00000000eab00000, 0x00000000ffd00000, 0x0000000100000000)
  eden space 116736K, 99% used [0x00000000eab00000,0x00000000f1cfff68,0x00000000f1d00000)
  from space 113152K, 0% used [0x00000000f8e80000,0x00000000f8e80000,0x00000000ffd00000)
  to   space 114688K, 0% used [0x00000000f1d00000,0x00000000f1d00000,0x00000000f8d00000)
 ParOldGen       total 699392K, used 699137K [0x00000000c0000000, 0x00000000eab00000, 0x00000000eab00000)
  object space 699392K, 99% used [0x00000000c0000000,0x00000000eaac0408,0x00000000eab00000)
 Metaspace       used 80191K, capacity 82640K, committed 84480K, reserved 1122304K
  class space    used 10224K, capacity 10635K, committed 11008K, reserved 1048576K
}
Event: 5369.318 GC heap before
{Heap before GC invocations=305 (full 211):
 PSYoungGen      total 229888K, used 116736K [0x00000000eab00000, 0x00000000ffd00000, 0x0000000100000000)
  eden space 116736K, 100% used [0x00000000eab00000,0x00000000f1d00000,0x00000000f1d00000)
  from space 113152K, 0% used [0x00000000f8e80000,0x00000000f8e80000,0x00000000ffd00000)
  to   space 114688K, 0% used [0x00000000f1d00000,0x00000000f1d00000,0x00000000f8d00000)
 ParOldGen       total 699392K, used 699137K [0x00000000c0000000, 0x00000000eab00000, 0x00000000eab00000)
  object space 699392K, 99% used [0x00000000c0000000,0x00000000eaac0408,0x00000000eab00000)
 Metaspace       used 80191K, capacity 82640K, committed 84480K, reserved 1122304K
  class space    used 10224K, capacity 10635K, committed 11008K, reserved 1048576K
Event: 5370.943 GC heap after
Heap after GC invocations=305 (full 211):
 PSYoungGen      total 229888K, used 116735K [0x00000000eab00000, 0x00000000ffd00000, 0x0000000100000000)
  eden space 116736K, 99% used [0x00000000eab00000,0x00000000f1cfff88,0x00000000f1d00000)
  from space 113152K, 0% used [0x00000000f8e80000,0x00000000f8e80000,0x00000000ffd00000)
  to   space 114688K, 0% used [0x00000000f1d00000,0x00000000f1d00000,0x00000000f8d00000)
 ParOldGen       total 699392K, used 699136K [0x00000000c0000000, 0x00000000eab00000, 0x00000000eab00000)
  object space 699392K, 99% used [0x00000000c0000000,0x00000000eaac03b0,0x00000000eab00000)
 Metaspace       used 80191K, capacity 82640K, committed 84480K, reserved 1122304K
  class space    used 10224K, capacity 10635K, committed 11008K, reserved 1048576K
}
Event: 5370.943 GC heap before
{Heap before GC invocations=306 (full 212):
 PSYoungGen      total 229888K, used 116735K [0x00000000eab00000, 0x00000000ffd00000, 0x0000000100000000)
  eden space 116736K, 99% used [0x00000000eab00000,0x00000000f1cffff0,0x00000000f1d00000)
  from space 113152K, 0% used [0x00000000f8e80000,0x00000000f8e80000,0x00000000ffd00000)
  to   space 114688K, 0% used [0x00000000f1d00000,0x00000000f1d00000,0x00000000f8d00000)
 ParOldGen       total 699392K, used 699136K [0x00000000c0000000, 0x00000000eab00000, 0x00000000eab00000)
  object space 699392K, 99% used [0x00000000c0000000,0x00000000eaac03b0,0x00000000eab00000)
 Metaspace       used 80191K, capacity 82640K, committed 84480K, reserved 1122304K
  class space    used 10224K, capacity 10635K, committed 11008K, reserved 1048576K
Event: 5372.546 GC heap after
Heap after GC invocations=306 (full 212):
 PSYoungGen      total 229888K, used 116735K [0x00000000eab00000, 0x00000000ffd00000, 0x0000000100000000)
  eden space 116736K, 99% used [0x00000000eab00000,0x00000000f1cfffb8,0x00000000f1d00000)
  from space 113152K, 0% used [0x00000000f8e80000,0x00000000f8e80000,0x00000000ffd00000)
  to   space 114688K, 0% used [0x00000000f1d00000,0x00000000f1d00000,0x00000000f8d00000)
 ParOldGen       total 699392K, used 699136K [0x00000000c0000000, 0x00000000eab00000, 0x00000000eab00000)
  object space 699392K, 99% used [0x00000000c0000000,0x00000000eaac0390,0x00000000eab00000)
 Metaspace       used 80191K, capacity 82640K, committed 84480K, reserved 1122304K
  class space    used 10224K, capacity 10635K, committed 11008K, reserved 1048576K
}
Event: 5372.547 GC heap before
{Heap before GC invocations=307 (full 213):
 PSYoungGen      total 229888K, used 116736K [0x00000000eab00000, 0x00000000ffd00000, 0x0000000100000000)
  eden space 116736K, 100% used [0x00000000eab00000,0x00000000f1d00000,0x00000000f1d00000)
  from space 113152K, 0% used [0x00000000f8e80000,0x00000000f8e80000,0x00000000ffd00000)
  to   space 114688K, 0% used [0x00000000f1d00000,0x00000000f1d00000,0x00000000f8d00000)
 ParOldGen       total 699392K, used 699136K [0x00000000c0000000, 0x00000000eab00000, 0x00000000eab00000)
  object space 699392K, 99% used [0x00000000c0000000,0x00000000eaac0390,0x00000000eab00000)
 Metaspace       used 80191K, capacity 82640K, committed 84480K, reserved 1122304K
  class space    used 10224K, capacity 10635K, committed 11008K, reserved 1048576K
Event: 5374.146 GC heap after
Heap after GC invocations=307 (full 213):
 PSYoungGen      total 229888K, used 116735K [0x00000000eab00000, 0x00000000ffd00000, 0x0000000100000000)
  eden space 116736K, 99% used [0x00000000eab00000,0x00000000f1cfffb0,0x00000000f1d00000)
  from space 113152K, 0% used [0x00000000f8e80000,0x00000000f8e80000,0x00000000ffd00000)
  to   space 114688K, 0% used [0x00000000f1d00000,0x00000000f1d00000,0x00000000f8d00000)
 ParOldGen       total 699392K, used 699136K [0x00000000c0000000, 0x00000000eab00000, 0x00000000eab00000)
  object space 699392K, 99% used [0x00000000c0000000,0x00000000eaac0390,0x00000000eab00000)
 Metaspace       used 80191K, capacity 82640K, committed 84480K, reserved 1122304K
  class space    used 10224K, capacity 10635K, committed 11008K, reserved 1048576K
}
Event: 5374.146 GC heap before
{Heap before GC invocations=308 (full 214):
 PSYoungGen      total 229888K, used 116736K [0x00000000eab00000, 0x00000000ffd00000, 0x0000000100000000)
  eden space 116736K, 100% used [0x00000000eab00000,0x00000000f1d00000,0x00000000f1d00000)
  from space 113152K, 0% used [0x00000000f8e80000,0x00000000f8e80000,0x00000000ffd00000)
  to   space 114688K, 0% used [0x00000000f1d00000,0x00000000f1d00000,0x00000000f8d00000)
 ParOldGen       total 699392K, used 699138K [0x00000000c0000000, 0x00000000eab00000, 0x00000000eab00000)
  object space 699392K, 99% used [0x00000000c0000000,0x00000000eaac0bb8,0x00000000eab00000)
 Metaspace       used 80191K, capacity 82640K, committed 84480K, reserved 1122304K
  class space    used 10224K, capacity 10635K, committed 11008K, reserved 1048576K
Event: 5376.199 GC heap after
Heap after GC invocations=308 (full 214):
 PSYoungGen      total 229888K, used 115199K [0x00000000eab00000, 0x00000000ffd00000, 0x0000000100000000)
  eden space 116736K, 98% used [0x00000000eab00000,0x00000000f1b7fe80,0x00000000f1d00000)
  from space 113152K, 0% used [0x00000000f8e80000,0x00000000f8e80000,0x00000000ffd00000)
  to   space 114688K, 0% used [0x00000000f1d00000,0x00000000f1d00000,0x00000000f8d00000)
 ParOldGen       total 699392K, used 699366K [0x00000000c0000000, 0x00000000eab00000, 0x00000000eab00000)
  object space 699392K, 99% used [0x00000000c0000000,0x00000000eaaf9af0,0x00000000eab00000)
 Metaspace       used 80034K, capacity 82394K, committed 84480K, reserved 1122304K
  class space    used 10183K, capacity 10572K, committed 11008K, reserved 1048576K
}

