# JRE version: OpenJDK Runtime Environment (8.0_76-b03) (build 1.8.0_76-release-b03)
# Java VM: OpenJDK Server VM (25.76-b03 mixed mode windows-x86 )
Heap:
 PSYoungGen      total 240896K, used 140214K [0x3c4c0000, 0x4f540000, 0x51a00000)
  eden space 168448K, 79% used [0x3c4c0000,0x44719ba8,0x46940000)
  from space 72448K, 9% used [0x46940000,0x46fd4050,0x4b000000)
  to   space 69888K, 0% used [0x4b100000,0x4b100000,0x4f540000)
 ParOldGen       total 699136K, used 75126K [0x11a00000, 0x3c4c0000, 0x3c4c0000)
  object space 699136K, 10% used [0x11a00000,0x1635dad0,0x3c4c0000)
 Metaspace       used 58191K, capacity 59519K, committed 60160K, reserved 60800K
GC Heap History (10 events):
Event: 3436.480 GC heap before
{Heap before GC invocations=384 (full 34):
 PSYoungGen      total 247552K, used 169543K [0x3c4c0000, 0x50900000, 0x51a00000)
  eden space 159744K, 100% used [0x3c4c0000,0x460c0000,0x460c0000)
  from space 87808K, 11% used [0x460c0000,0x46a51ee0,0x4b680000)
  to   space 84224K, 0% used [0x4b6c0000,0x4b6c0000,0x50900000)
 ParOldGen       total 699136K, used 436231K [0x11a00000, 0x3c4c0000, 0x3c4c0000)
  object space 699136K, 62% used [0x11a00000,0x2c401c10,0x3c4c0000)
 Metaspace       used 58075K, capacity 59368K, committed 60160K, reserved 60800K
Event: 3436.536 GC heap after
Heap after GC invocations=384 (full 34):
 PSYoungGen      total 242176K, used 10486K [0x3c4c0000, 0x50300000, 0x51a00000)
  eden space 164096K, 0% used [0x3c4c0000,0x3c4c0000,0x46500000)
  from space 78080K, 13% used [0x4b6c0000,0x4c0fd910,0x50300000)
  to   space 80896K, 0% used [0x46500000,0x46500000,0x4b400000)
 ParOldGen       total 699136K, used 436231K [0x11a00000, 0x3c4c0000, 0x3c4c0000)
  object space 699136K, 62% used [0x11a00000,0x2c401c10,0x3c4c0000)
 Metaspace       used 58075K, capacity 59368K, committed 60160K, reserved 60800K
}
Event: 3437.018 GC heap before
{Heap before GC invocations=385 (full 34):
 PSYoungGen      total 242176K, used 174582K [0x3c4c0000, 0x50300000, 0x51a00000)
  eden space 164096K, 100% used [0x3c4c0000,0x46500000,0x46500000)
  from space 78080K, 13% used [0x4b6c0000,0x4c0fd910,0x50300000)
  to   space 80896K, 0% used [0x46500000,0x46500000,0x4b400000)
 ParOldGen       total 699136K, used 436231K [0x11a00000, 0x3c4c0000, 0x3c4c0000)
  object space 699136K, 62% used [0x11a00000,0x2c401c10,0x3c4c0000)
 Metaspace       used 58075K, capacity 59368K, committed 60160K, reserved 60800K
Event: 3437.050 GC heap after
Heap after GC invocations=385 (full 34):
 PSYoungGen      total 182528K, used 18391K [0x3c4c0000, 0x4fd40000, 0x51a00000)
  eden space 164096K, 0% used [0x3c4c0000,0x3c4c0000,0x46500000)
  from space 18432K, 99% used [0x46500000,0x476f5df8,0x47700000)
  to   space 75776K, 0% used [0x4b340000,0x4b340000,0x4fd40000)
 ParOldGen       total 699136K, used 436231K [0x11a00000, 0x3c4c0000, 0x3c4c0000)
  object space 699136K, 62% used [0x11a00000,0x2c401c10,0x3c4c0000)
 Metaspace       used 58075K, capacity 59368K, committed 60160K, reserved 60800K
}
Event: 3437.454 GC heap before
{Heap before GC invocations=386 (full 34):
 PSYoungGen      total 182528K, used 77794K [0x3c4c0000, 0x4fd40000, 0x51a00000)
  eden space 164096K, 36% used [0x3c4c0000,0x3fec2a78,0x46500000)
  from space 18432K, 99% used [0x46500000,0x476f5df8,0x47700000)
  to   space 75776K, 0% used [0x4b340000,0x4b340000,0x4fd40000)
 ParOldGen       total 699136K, used 436231K [0x11a00000, 0x3c4c0000, 0x3c4c0000)
  object space 699136K, 62% used [0x11a00000,0x2c401c10,0x3c4c0000)
 Metaspace       used 58077K, capacity 59368K, committed 60160K, reserved 60800K
Event: 3437.472 GC heap after
Heap after GC invocations=386 (full 34):
 PSYoungGen      total 237568K, used 11722K [0x3c4c0000, 0x4f6c0000, 0x51a00000)
  eden space 168448K, 0% used [0x3c4c0000,0x3c4c0000,0x46940000)
  from space 69120K, 16% used [0x4b340000,0x4beb2870,0x4f6c0000)
  to   space 72448K, 0% used [0x46940000,0x46940000,0x4b000000)
 ParOldGen       total 699136K, used 436231K [0x11a00000, 0x3c4c0000, 0x3c4c0000)
  object space 699136K, 62% used [0x11a00000,0x2c401c10,0x3c4c0000)
 Metaspace       used 58077K, capacity 59368K, committed 60160K, reserved 60800K
}
Event: 3437.472 GC heap before
{Heap before GC invocations=387 (full 35):
 PSYoungGen      total 237568K, used 11722K [0x3c4c0000, 0x4f6c0000, 0x51a00000)
  eden space 168448K, 0% used [0x3c4c0000,0x3c4c0000,0x46940000)
  from space 69120K, 16% used [0x4b340000,0x4beb2870,0x4f6c0000)
  to   space 72448K, 0% used [0x46940000,0x46940000,0x4b000000)
 ParOldGen       total 699136K, used 436231K [0x11a00000, 0x3c4c0000, 0x3c4c0000)
  object space 699136K, 62% used [0x11a00000,0x2c401c10,0x3c4c0000)
 Metaspace       used 58077K, capacity 59368K, committed 60160K, reserved 60800K
Event: 3437.928 GC heap after
Heap after GC invocations=387 (full 35):
 PSYoungGen      total 237568K, used 0K [0x3c4c0000, 0x4f6c0000, 0x51a00000)
  eden space 168448K, 0% used [0x3c4c0000,0x3c4c0000,0x46940000)
  from space 69120K, 0% used [0x4b340000,0x4b340000,0x4f6c0000)
  to   space 72448K, 0% used [0x46940000,0x46940000,0x4b000000)
 ParOldGen       total 699136K, used 75126K [0x11a00000, 0x3c4c0000, 0x3c4c0000)
  object space 699136K, 10% used [0x11a00000,0x1635dad0,0x3c4c0000)
 Metaspace       used 58077K, capacity 59368K, committed 60160K, reserved 60800K
}
Event: 3639.783 GC heap before
{Heap before GC invocations=388 (full 35):
 PSYoungGen      total 237568K, used 168448K [0x3c4c0000, 0x4f6c0000, 0x51a00000)
  eden space 168448K, 100% used [0x3c4c0000,0x46940000,0x46940000)
  from space 69120K, 0% used [0x4b340000,0x4b340000,0x4f6c0000)
  to   space 72448K, 0% used [0x46940000,0x46940000,0x4b000000)
 ParOldGen       total 699136K, used 75126K [0x11a00000, 0x3c4c0000, 0x3c4c0000)
  object space 699136K, 10% used [0x11a00000,0x1635dad0,0x3c4c0000)
 Metaspace       used 58138K, capacity 59485K, committed 60160K, reserved 60800K
Event: 3639.801 GC heap after
Heap after GC invocations=388 (full 35):
 PSYoungGen      total 240896K, used 6736K [0x3c4c0000, 0x4f540000, 0x51a00000)
  eden space 168448K, 0% used [0x3c4c0000,0x3c4c0000,0x46940000)
  from space 72448K, 9% used [0x46940000,0x46fd4050,0x4b000000)
  to   space 69888K, 0% used [0x4b100000,0x4b100000,0x4f540000)
 ParOldGen       total 699136K, used 75126K [0x11a00000, 0x3c4c0000, 0x3c4c0000)
  object space 699136K, 10% used [0x11a00000,0x1635dad0,0x3c4c0000)
 Metaspace       used 58138K, capacity 59485K, committed 60160K, reserved 60800K
}

